[debug] [2025-07-20T18:10:32.983Z] ----------------------------------------------------------------------
[debug] [2025-07-20T18:10:32.988Z] Command:       /opt/homebrew/Cellar/node/24.3.0/bin/node /opt/homebrew/bin/firebase deploy --only functions:calculateBMR
[debug] [2025-07-20T18:10:32.989Z] CLI Version:   14.10.1
[debug] [2025-07-20T18:10:32.989Z] Platform:      darwin
[debug] [2025-07-20T18:10:32.989Z] Node Version:  v24.3.0
[debug] [2025-07-20T18:10:32.989Z] Time:          Sun Jul 20 2025 11:10:32 GMT-0700 (Pacific Daylight Time)
[debug] [2025-07-20T18:10:32.989Z] ----------------------------------------------------------------------
[debug] 
[debug] [2025-07-20T18:10:33.104Z] > command requires scopes: ["email","openid","https://www.googleapis.com/auth/cloudplatformprojects.readonly","https://www.googleapis.com/auth/firebase","https://www.googleapis.com/auth/cloud-platform"]
[debug] [2025-07-20T18:10:33.104Z] > authorizing via signed-in user (kittureddy2000@gmail.com)
[debug] [2025-07-20T18:10:33.104Z] [iam] checking project fitness-tracker-8d0ae for permissions ["cloudfunctions.functions.create","cloudfunctions.functions.delete","cloudfunctions.functions.get","cloudfunctions.functions.list","cloudfunctions.functions.update","cloudfunctions.operations.get","firebase.projects.get"]
[debug] [2025-07-20T18:10:33.106Z] Checked if tokens are valid: true, expires at: 1753036121536
[debug] [2025-07-20T18:10:33.106Z] Checked if tokens are valid: true, expires at: 1753036121536
[debug] [2025-07-20T18:10:33.107Z] >>> [apiv2][query] POST https://cloudresourcemanager.googleapis.com/v1/projects/fitness-tracker-8d0ae:testIamPermissions [none]
[debug] [2025-07-20T18:10:33.107Z] >>> [apiv2][(partial)header] POST https://cloudresourcemanager.googleapis.com/v1/projects/fitness-tracker-8d0ae:testIamPermissions x-goog-quota-user=projects/fitness-tracker-8d0ae
[debug] [2025-07-20T18:10:33.107Z] >>> [apiv2][body] POST https://cloudresourcemanager.googleapis.com/v1/projects/fitness-tracker-8d0ae:testIamPermissions {"permissions":["cloudfunctions.functions.create","cloudfunctions.functions.delete","cloudfunctions.functions.get","cloudfunctions.functions.list","cloudfunctions.functions.update","cloudfunctions.operations.get","firebase.projects.get"]}
[debug] [2025-07-20T18:10:33.430Z] <<< [apiv2][status] POST https://cloudresourcemanager.googleapis.com/v1/projects/fitness-tracker-8d0ae:testIamPermissions 200
[debug] [2025-07-20T18:10:33.431Z] <<< [apiv2][body] POST https://cloudresourcemanager.googleapis.com/v1/projects/fitness-tracker-8d0ae:testIamPermissions {"permissions":["cloudfunctions.functions.create","cloudfunctions.functions.delete","cloudfunctions.functions.get","cloudfunctions.functions.list","cloudfunctions.functions.update","cloudfunctions.operations.get","firebase.projects.get"]}
[debug] [2025-07-20T18:10:33.431Z] Checked if tokens are valid: true, expires at: 1753036121536
[debug] [2025-07-20T18:10:33.431Z] Checked if tokens are valid: true, expires at: 1753036121536
[debug] [2025-07-20T18:10:33.431Z] >>> [apiv2][query] POST https://iam.googleapis.com/v1/projects/fitness-tracker-8d0ae/serviceAccounts/fitness-tracker-8d0ae@appspot.gserviceaccount.com:testIamPermissions [none]
[debug] [2025-07-20T18:10:33.431Z] >>> [apiv2][body] POST https://iam.googleapis.com/v1/projects/fitness-tracker-8d0ae/serviceAccounts/fitness-tracker-8d0ae@appspot.gserviceaccount.com:testIamPermissions {"permissions":["iam.serviceAccounts.actAs"]}
[debug] [2025-07-20T18:10:33.779Z] <<< [apiv2][status] POST https://iam.googleapis.com/v1/projects/fitness-tracker-8d0ae/serviceAccounts/fitness-tracker-8d0ae@appspot.gserviceaccount.com:testIamPermissions 200
[debug] [2025-07-20T18:10:33.780Z] <<< [apiv2][body] POST https://iam.googleapis.com/v1/projects/fitness-tracker-8d0ae/serviceAccounts/fitness-tracker-8d0ae@appspot.gserviceaccount.com:testIamPermissions {"permissions":["iam.serviceAccounts.actAs"]}
[info] 
[info] === Deploying to 'fitness-tracker-8d0ae'...
[info] 
[info] i  deploying functions 
[debug] [2025-07-20T18:10:33.784Z] Checked if tokens are valid: true, expires at: 1753036121536
[debug] [2025-07-20T18:10:33.784Z] Checked if tokens are valid: true, expires at: 1753036121536
[debug] [2025-07-20T18:10:33.785Z] >>> [apiv2][query] GET https://cloudresourcemanager.googleapis.com/v1/projects/fitness-tracker-8d0ae [none]
[debug] [2025-07-20T18:10:33.937Z] <<< [apiv2][status] GET https://cloudresourcemanager.googleapis.com/v1/projects/fitness-tracker-8d0ae 200
[debug] [2025-07-20T18:10:33.937Z] <<< [apiv2][body] GET https://cloudresourcemanager.googleapis.com/v1/projects/fitness-tracker-8d0ae {"projectNumber":"763348902456","projectId":"fitness-tracker-8d0ae","lifecycleState":"ACTIVE","name":"fitness-tracker","labels":{"firebase":"enabled","firebase-core":"disabled"},"createTime":"2025-07-16T05:26:59.372566Z"}
[info] i  functions: preparing codebase default for deployment 
[info] i  functions: ensuring required API cloudfunctions.googleapis.com is enabled... 
[info] i  functions: ensuring required API cloudbuild.googleapis.com is enabled... 
[info] i  artifactregistry: ensuring required API artifactregistry.googleapis.com is enabled... 
[debug] [2025-07-20T18:10:33.946Z] Checked if tokens are valid: true, expires at: 1753036121536
[debug] [2025-07-20T18:10:33.946Z] Checked if tokens are valid: true, expires at: 1753036121536
[debug] [2025-07-20T18:10:33.946Z] >>> [apiv2][query] GET https://firebase.googleapis.com/v1beta1/projects/fitness-tracker-8d0ae/adminSdkConfig [none]
[debug] [2025-07-20T18:10:34.378Z] <<< [apiv2][status] GET https://firebase.googleapis.com/v1beta1/projects/fitness-tracker-8d0ae/adminSdkConfig 200
[debug] [2025-07-20T18:10:34.379Z] <<< [apiv2][body] GET https://firebase.googleapis.com/v1beta1/projects/fitness-tracker-8d0ae/adminSdkConfig {"projectId":"fitness-tracker-8d0ae","storageBucket":"fitness-tracker-8d0ae.firebasestorage.app"}
[debug] [2025-07-20T18:10:34.379Z] Checked if tokens are valid: true, expires at: 1753036121536
[debug] [2025-07-20T18:10:34.379Z] Checked if tokens are valid: true, expires at: 1753036121536
[debug] [2025-07-20T18:10:34.379Z] >>> [apiv2][query] GET https://runtimeconfig.googleapis.com/v1beta1/projects/fitness-tracker-8d0ae/configs [none]
[debug] [2025-07-20T18:10:34.688Z] <<< [apiv2][status] GET https://runtimeconfig.googleapis.com/v1beta1/projects/fitness-tracker-8d0ae/configs 200
[debug] [2025-07-20T18:10:34.688Z] <<< [apiv2][body] GET https://runtimeconfig.googleapis.com/v1beta1/projects/fitness-tracker-8d0ae/configs {}
[debug] [2025-07-20T18:10:34.693Z] Validating nodejs source
[warn] ⚠  functions: Runtime Node.js 18 was deprecated on 2025-04-30 and will be decommissioned on 2025-10-30, after which you will not be able to deploy without upgrading. Consider upgrading now to avoid disruption. See https://cloud.google.com/functions/docs/runtime-support for full details on the lifecycle policy 
[warn] ⚠  functions: package.json indicates an outdated version of firebase-functions. Please upgrade using npm install --save firebase-functions@latest in your functions directory. 
[warn] ⚠  functions: Please note that there will be breaking changes when you upgrade. 
[debug] [2025-07-20T18:10:36.166Z] > [functions] package.json contents: {
  "name": "fitness-tracker-functions",
  "description": "Cloud Functions for Fitness Tracker App",
  "scripts": {
    "lint": "eslint .",
    "serve": "firebase emulators:start --only functions",
    "shell": "firebase functions:shell",
    "start": "npm run shell",
    "deploy": "firebase deploy --only functions",
    "logs": "firebase functions:log"
  },
  "engines": {
    "node": "18"
  },
  "main": "index.js",
  "dependencies": {
    "firebase-admin": "^12.0.0",
    "firebase-functions": "^4.8.0"
  },
  "devDependencies": {
    "eslint": "^8.15.0",
    "eslint-config-google": "^0.14.0"
  },
  "private": true
}
[debug] [2025-07-20T18:10:36.166Z] Building nodejs source
[info] i  functions: Loading and analyzing source code for codebase default to determine what to deploy 
[info] i  functions: You are using a version of firebase-functions SDK (4.9.0) that does not have support for the newest Firebase Extensions features. Please update firebase-functions SDK to >=5.1.0 to use them correctly 
[debug] [2025-07-20T18:10:36.167Z] Could not find functions.yaml. Must use http discovery
[debug] [2025-07-20T18:10:36.173Z] Found firebase-functions binary at '/Users/krishnayadamakanti/Documents/Samaanai_flutter/functions/node_modules/.bin/firebase-functions'
[info] Serving at port 8516

[debug] [2025-07-20T18:10:36.914Z] Got response from /__/functions.yaml {"endpoints":{"calculateBMR":{"platform":"gcfv1","labels":{},"availableMemoryMb":null,"timeoutSeconds":null,"minInstances":null,"maxInstances":null,"ingressSettings":null,"serviceAccountEmail":null,"vpc":null,"callableTrigger":{},"entryPoint":"calculateBMR"},"generateCalorieReport":{"platform":"gcfv1","labels":{},"availableMemoryMb":null,"timeoutSeconds":null,"minInstances":null,"maxInstances":null,"ingressSettings":null,"serviceAccountEmail":null,"vpc":null,"callableTrigger":{},"entryPoint":"generateCalorieReport"},"updateUserStats":{"platform":"gcfv1","availableMemoryMb":null,"timeoutSeconds":null,"minInstances":null,"maxInstances":null,"ingressSettings":null,"serviceAccountEmail":null,"vpc":null,"eventTrigger":{"eventType":"providers/cloud.firestore/eventTypes/document.write","eventFilters":{"resource":"projects/fitness-tracker-8d0ae/databases/(default)/documents/dailyEntries/{entryId}"},"retry":false},"labels":{},"entryPoint":"updateUserStats"}},"specVersion":"v1alpha1","requiredAPIs":[]}
[info] i  functions: preparing functions directory for uploading... 
[info] i  functions: packaged /Users/krishnayadamakanti/Documents/Samaanai_flutter/functions (46.78 KB) for uploading 
[debug] [2025-07-20T18:10:40.971Z] Checked if tokens are valid: true, expires at: 1753036121536
[debug] [2025-07-20T18:10:40.971Z] Checked if tokens are valid: true, expires at: 1753036121536
[debug] [2025-07-20T18:10:40.971Z] >>> [apiv2][query] GET https://cloudfunctions.googleapis.com/v1/projects/fitness-tracker-8d0ae/locations/-/functions [none]
[debug] [2025-07-20T18:10:41.729Z] <<< [apiv2][status] GET https://cloudfunctions.googleapis.com/v1/projects/fitness-tracker-8d0ae/locations/-/functions 200
[debug] [2025-07-20T18:10:41.729Z] <<< [apiv2][body] GET https://cloudfunctions.googleapis.com/v1/projects/fitness-tracker-8d0ae/locations/-/functions {"functions":[{"name":"projects/fitness-tracker-8d0ae/locations/us-central1/functions/calculateBMR","httpsTrigger":{"url":"https://us-central1-fitness-tracker-8d0ae.cloudfunctions.net/calculateBMR","securityLevel":"SECURE_ALWAYS"},"status":"ACTIVE","entryPoint":"calculateBMR","timeout":"60s","availableMemoryMb":256,"serviceAccountEmail":"fitness-tracker-8d0ae@appspot.gserviceaccount.com","updateTime":"2025-07-20T17:36:08.985Z","versionId":"9","labels":{"deployment-tool":"cli-firebase","deployment-callable":"true","firebase-functions-hash":"4c82f9134f6f09301c792b902430bce35ac08d33"},"sourceUploadUrl":"https://storage.googleapis.com/uploads-175735338453.us-central1.cloudfunctions.appspot.com/784bcd11-a78f-4355-9ffc-153e4ac725a8.zip","environmentVariables":{"FIREBASE_CONFIG":"{\"projectId\":\"fitness-tracker-8d0ae\",\"storageBucket\":\"fitness-tracker-8d0ae.firebasestorage.app\"}","GCLOUD_PROJECT":"fitness-tracker-8d0ae","EVENTARC_CLOUD_EVENT_SOURCE":"projects/fitness-tracker-8d0ae/locations/us-central1/functions/calculateBMR"},"runtime":"nodejs18","ingressSettings":"ALLOW_ALL","buildId":"60440e19-9ba7-499a-8cf8-83634c5a2407","buildEnvironmentVariables":{"GOOGLE_NODE_RUN_SCRIPTS":""},"buildName":"projects/763348902456/locations/us-central1/builds/60440e19-9ba7-499a-8cf8-83634c5a2407","dockerRegistry":"ARTIFACT_REGISTRY","automaticUpdatePolicy":{},"buildServiceAccount":"projects/fitness-tracker-8d0ae/serviceAccounts/763348902456-compute@developer.gserviceaccount.com","satisfiesPzi":true},{"name":"projects/fitness-tracker-8d0ae/locations/us-central1/functions/updateUserStats","eventTrigger":{"eventType":"providers/cloud.firestore/eventTypes/document.write","resource":"projects/fitness-tracker-8d0ae/databases/(default)/documents/dailyEntries/{entryId}","service":"firestore.googleapis.com","failurePolicy":{}},"status":"ACTIVE","entryPoint":"updateUserStats","timeout":"60s","availableMemoryMb":256,"serviceAccountEmail":"fitness-tracker-8d0ae@appspot.gserviceaccount.com","updateTime":"2025-07-19T16:42:52.946Z","versionId":"7","labels":{"deployment-tool":"cli-firebase","firebase-functions-hash":"23882166ac3201dff3ec934dd53eb4832ca56df2"},"sourceUploadUrl":"https://storage.googleapis.com/uploads-175735338453.us-central1.cloudfunctions.appspot.com/faf3f93e-b370-49c7-8ae1-5810e4de9a27.zip","environmentVariables":{"FIREBASE_CONFIG":"{\"projectId\":\"fitness-tracker-8d0ae\",\"storageBucket\":\"fitness-tracker-8d0ae.firebasestorage.app\"}","GCLOUD_PROJECT":"fitness-tracker-8d0ae","EVENTARC_CLOUD_EVENT_SOURCE":"projects/fitness-tracker-8d0ae/locations/us-central1/functions/updateUserStats"},"runtime":"nodejs18","maxInstances":3000,"ingressSettings":"ALLOW_ALL","buildId":"6c33a504-a554-4bf4-ba46-a0e89717caa7","buildEnvironmentVariables":{"GOOGLE_NODE_RUN_SCRIPTS":""},"buildName":"projects/763348902456/locations/us-central1/builds/6c33a504-a554-4bf4-ba46-a0e89717caa7","dockerRegistry":"ARTIFACT_REGISTRY","automaticUpdatePolicy":{},"buildServiceAccount":"projects/fitness-tracker-8d0ae/serviceAccounts/763348902456-compute@developer.gserviceaccount.com","satisfiesPzi":true},{"name":"projects/fitness-tracker-8d0ae/locations/us-central1/functions/generateCalorieReport","httpsTrigger":{"url":"https://us-central1-fitness-tracker-8d0ae.cloudfunctions.net/generateCalorieReport","securityLevel":"SECURE_ALWAYS"},"status":"ACTIVE","entryPoint":"generateCalorieReport","timeout":"60s","availableMemoryMb":256,"serviceAccountEmail":"fitness-tracker-8d0ae@appspot.gserviceaccount.com","updateTime":"2025-07-19T16:42:45.828Z","versionId":"7","labels":{"deployment-tool":"cli-firebase","deployment-callable":"true","firebase-functions-hash":"23882166ac3201dff3ec934dd53eb4832ca56df2"},"sourceUploadUrl":"https://storage.googleapis.com/uploads-175735338453.us-central1.cloudfunctions.appspot.com/faf3f93e-b370-49c7-8ae1-5810e4de9a27.zip","environmentVariables":{"FIREBASE_CONFIG":"{\"projectId\":\"fitness-tracker-8d0ae\",\"storageBucket\":\"fitness-tracker-8d0ae.firebasestorage.app\"}","GCLOUD_PROJECT":"fitness-tracker-8d0ae","EVENTARC_CLOUD_EVENT_SOURCE":"projects/fitness-tracker-8d0ae/locations/us-central1/functions/generateCalorieReport"},"runtime":"nodejs18","ingressSettings":"ALLOW_ALL","buildId":"6c33a504-a554-4bf4-ba46-a0e89717caa7","buildEnvironmentVariables":{"GOOGLE_NODE_RUN_SCRIPTS":""},"buildName":"projects/763348902456/locations/us-central1/builds/6c33a504-a554-4bf4-ba46-a0e89717caa7","dockerRegistry":"ARTIFACT_REGISTRY","automaticUpdatePolicy":{},"buildServiceAccount":"projects/fitness-tracker-8d0ae/serviceAccounts/763348902456-compute@developer.gserviceaccount.com","satisfiesPzi":true}]}
[debug] [2025-07-20T18:10:41.729Z] Checked if tokens are valid: true, expires at: 1753036121536
[debug] [2025-07-20T18:10:41.729Z] Checked if tokens are valid: true, expires at: 1753036121536
[debug] [2025-07-20T18:10:41.729Z] >>> [apiv2][query] GET https://cloudfunctions.googleapis.com/v2/projects/fitness-tracker-8d0ae/locations/-/functions filter=environment%3D%22GEN_2%22
[debug] [2025-07-20T18:10:42.235Z] <<< [apiv2][status] GET https://cloudfunctions.googleapis.com/v2/projects/fitness-tracker-8d0ae/locations/-/functions 200
[debug] [2025-07-20T18:10:42.235Z] <<< [apiv2][body] GET https://cloudfunctions.googleapis.com/v2/projects/fitness-tracker-8d0ae/locations/-/functions {}
[debug] [2025-07-20T18:10:42.242Z] Checked if tokens are valid: true, expires at: 1753036121536
[debug] [2025-07-20T18:10:42.243Z] Checked if tokens are valid: true, expires at: 1753036121536
[debug] [2025-07-20T18:10:42.243Z] >>> [apiv2][query] GET https://cloudresourcemanager.googleapis.com/v1/projects/fitness-tracker-8d0ae [none]
[debug] [2025-07-20T18:10:42.612Z] <<< [apiv2][status] GET https://cloudresourcemanager.googleapis.com/v1/projects/fitness-tracker-8d0ae 200
[debug] [2025-07-20T18:10:42.613Z] <<< [apiv2][body] GET https://cloudresourcemanager.googleapis.com/v1/projects/fitness-tracker-8d0ae {"projectNumber":"763348902456","projectId":"fitness-tracker-8d0ae","lifecycleState":"ACTIVE","name":"fitness-tracker","labels":{"firebase":"enabled","firebase-core":"disabled"},"createTime":"2025-07-16T05:26:59.372566Z"}
[debug] [2025-07-20T18:10:42.615Z] Checked if tokens are valid: true, expires at: 1753036121536
[debug] [2025-07-20T18:10:42.615Z] Checked if tokens are valid: true, expires at: 1753036121536
[debug] [2025-07-20T18:10:42.616Z] >>> [apiv2][query] POST https://cloudfunctions.googleapis.com/v1/projects/fitness-tracker-8d0ae/locations/us-central1/functions:generateUploadUrl [none]
[debug] [2025-07-20T18:10:42.616Z] >>> [apiv2][body] POST https://cloudfunctions.googleapis.com/v1/projects/fitness-tracker-8d0ae/locations/us-central1/functions:generateUploadUrl {}
[debug] [2025-07-20T18:10:43.290Z] <<< [apiv2][status] POST https://cloudfunctions.googleapis.com/v1/projects/fitness-tracker-8d0ae/locations/us-central1/functions:generateUploadUrl 200
[debug] [2025-07-20T18:10:43.290Z] <<< [apiv2][body] POST https://cloudfunctions.googleapis.com/v1/projects/fitness-tracker-8d0ae/locations/us-central1/functions:generateUploadUrl {"uploadUrl":"https://storage.googleapis.com/uploads-175735338453.us-central1.cloudfunctions.appspot.com/9a8e1fb4-4dfa-4245-9297-2dca15c60344.zip?GoogleAccessId=service-763348902456@gcf-admin-robot.iam.gserviceaccount.com&Expires=1753036843&Signature=cuh5SDa99HVyz0OifMLgY%2B8pinz4h0J%2BOLmvwfJ4u31tI9ihPi6DEnUi78W8%2FSHSBl2RJBvjO2IB9Le6jU7hZzZzIbSKdB9085Xxba%2FHfAmGNVEfTeDV2cmygaofvifUc1NEytFqQOyIkI6OOvDc0dsZvEvPmASpTP9vYVEWTWvPbCEdxXAeTUKig5v1QyqiFyh8gx3sQ%2BfPNw7gJEpyaqu%2BRZOf2e5k9TvepX7hKgs3KVcAYtzVU%2FcCgF96b7dU2VI8SUBJJIyapfIi%2FYYDqiJv1jpMPASi09gMaEZ88%2BzaE02fKuqP3glJ%2B%2FbuhotU2Qn%2Fi371INH9gHcxgibDRQ%3D%3D"}
[debug] [2025-07-20T18:10:43.292Z] >>> [apiv2][query] PUT https://storage.googleapis.com/uploads-175735338453.us-central1.cloudfunctions.appspot.com/9a8e1fb4-4dfa-4245-9297-2dca15c60344.zip GoogleAccessId=service-763348902456%40gcf-admin-robot.iam.gserviceaccount.com&Expires=1753036843&Signature=cuh5SDa99HVyz0OifMLgY%2B8pinz4h0J%2BOLmvwfJ4u31tI9ihPi6DEnUi78W8%2FSHSBl2RJBvjO2IB9Le6jU7hZzZzIbSKdB9085Xxba%2FHfAmGNVEfTeDV2cmygaofvifUc1NEytFqQOyIkI6OOvDc0dsZvEvPmASpTP9vYVEWTWvPbCEdxXAeTUKig5v1QyqiFyh8gx3sQ%2BfPNw7gJEpyaqu%2BRZOf2e5k9TvepX7hKgs3KVcAYtzVU%2FcCgF96b7dU2VI8SUBJJIyapfIi%2FYYDqiJv1jpMPASi09gMaEZ88%2BzaE02fKuqP3glJ%2B%2FbuhotU2Qn%2Fi371INH9gHcxgibDRQ%3D%3D
[debug] [2025-07-20T18:10:43.292Z] >>> [apiv2][body] PUT https://storage.googleapis.com/uploads-175735338453.us-central1.cloudfunctions.appspot.com/9a8e1fb4-4dfa-4245-9297-2dca15c60344.zip [stream]
[debug] [2025-07-20T18:10:43.771Z] <<< [apiv2][status] PUT https://storage.googleapis.com/uploads-175735338453.us-central1.cloudfunctions.appspot.com/9a8e1fb4-4dfa-4245-9297-2dca15c60344.zip 200
[debug] [2025-07-20T18:10:43.772Z] <<< [apiv2][body] PUT https://storage.googleapis.com/uploads-175735338453.us-central1.cloudfunctions.appspot.com/9a8e1fb4-4dfa-4245-9297-2dca15c60344.zip [omitted]
[info] ✔  functions: functions folder uploaded successfully 
[info] i  functions: updating Node.js 18 (1st Gen) function calculateBMR(us-central1)... 
[debug] [2025-07-20T18:10:43.778Z] Checked if tokens are valid: true, expires at: 1753036121536
[debug] [2025-07-20T18:10:43.778Z] Checked if tokens are valid: true, expires at: 1753036121536
[debug] [2025-07-20T18:10:43.778Z] >>> [apiv2][query] PATCH https://cloudfunctions.googleapis.com/v1/projects/fitness-tracker-8d0ae/locations/us-central1/functions/calculateBMR updateMask=name%2CsourceUploadUrl%2CentryPoint%2Cruntime%2CdockerRegistry%2Clabels%2ChttpsTrigger.securityLevel%2CminInstances%2CmaxInstances%2CingressSettings%2CenvironmentVariables%2CserviceAccountEmail%2CavailableMemoryMb%2Ctimeout%2CvpcConnector%2CvpcConnectorEgressSettings%2CsourceToken%2CbuildEnvironmentVariables
[debug] [2025-07-20T18:10:43.779Z] >>> [apiv2][body] PATCH https://cloudfunctions.googleapis.com/v1/projects/fitness-tracker-8d0ae/locations/us-central1/functions/calculateBMR {"name":"projects/fitness-tracker-8d0ae/locations/us-central1/functions/calculateBMR","sourceUploadUrl":"https://storage.googleapis.com/uploads-175735338453.us-central1.cloudfunctions.appspot.com/9a8e1fb4-4dfa-4245-9297-2dca15c60344.zip?GoogleAccessId=service-763348902456@gcf-admin-robot.iam.gserviceaccount.com&Expires=1753036843&Signature=cuh5SDa99HVyz0OifMLgY%2B8pinz4h0J%2BOLmvwfJ4u31tI9ihPi6DEnUi78W8%2FSHSBl2RJBvjO2IB9Le6jU7hZzZzIbSKdB9085Xxba%2FHfAmGNVEfTeDV2cmygaofvifUc1NEytFqQOyIkI6OOvDc0dsZvEvPmASpTP9vYVEWTWvPbCEdxXAeTUKig5v1QyqiFyh8gx3sQ%2BfPNw7gJEpyaqu%2BRZOf2e5k9TvepX7hKgs3KVcAYtzVU%2FcCgF96b7dU2VI8SUBJJIyapfIi%2FYYDqiJv1jpMPASi09gMaEZ88%2BzaE02fKuqP3glJ%2B%2FbuhotU2Qn%2Fi371INH9gHcxgibDRQ%3D%3D","entryPoint":"calculateBMR","runtime":"nodejs18","dockerRegistry":"ARTIFACT_REGISTRY","labels":{"deployment-tool":"cli-firebase","deployment-callable":"true","firebase-functions-hash":"3ac2bed6844c6559ba6dd6cddd5e216502a1006b"},"httpsTrigger":{"securityLevel":"SECURE_ALWAYS"},"minInstances":null,"maxInstances":null,"ingressSettings":null,"environmentVariables":{"FIREBASE_CONFIG":"{\"projectId\":\"fitness-tracker-8d0ae\",\"storageBucket\":\"fitness-tracker-8d0ae.firebasestorage.app\"}","GCLOUD_PROJECT":"fitness-tracker-8d0ae","EVENTARC_CLOUD_EVENT_SOURCE":"projects/fitness-tracker-8d0ae/locations/us-central1/functions/calculateBMR"},"serviceAccountEmail":null,"availableMemoryMb":null,"timeout":null,"vpcConnector":null,"vpcConnectorEgressSettings":null,"buildEnvironmentVariables":{"GOOGLE_NODE_RUN_SCRIPTS":""}}
[debug] [2025-07-20T18:10:44.387Z] <<< [apiv2][status] PATCH https://cloudfunctions.googleapis.com/v1/projects/fitness-tracker-8d0ae/locations/us-central1/functions/calculateBMR 200
[debug] [2025-07-20T18:10:44.387Z] <<< [apiv2][body] PATCH https://cloudfunctions.googleapis.com/v1/projects/fitness-tracker-8d0ae/locations/us-central1/functions/calculateBMR {"name":"operations/Zml0bmVzcy10cmFja2VyLThkMGFlL3VzLWNlbnRyYWwxL2NhbGN1bGF0ZUJNUi9pR0ZmVEt2a2Zmbw","metadata":{"@type":"type.googleapis.com/google.cloud.functions.v1.OperationMetadataV1","target":"projects/fitness-tracker-8d0ae/locations/us-central1/functions/calculateBMR","type":"UPDATE_FUNCTION","request":{"@type":"type.googleapis.com/google.cloud.functions.v1.CloudFunction","name":"projects/fitness-tracker-8d0ae/locations/us-central1/functions/calculateBMR","httpsTrigger":{"url":"https://us-central1-fitness-tracker-8d0ae.cloudfunctions.net/calculateBMR","securityLevel":"SECURE_ALWAYS"},"status":"ACTIVE","entryPoint":"calculateBMR","updateTime":"2025-07-20T17:36:08.985Z","versionId":"9","labels":{"deployment-tool":"cli-firebase","deployment-callable":"true","firebase-functions-hash":"3ac2bed6844c6559ba6dd6cddd5e216502a1006b"},"sourceUploadUrl":"https://storage.googleapis.com/uploads-175735338453.us-central1.cloudfunctions.appspot.com/9a8e1fb4-4dfa-4245-9297-2dca15c60344.zip?GoogleAccessId=service-763348902456@gcf-admin-robot.iam.gserviceaccount.com&Expires=1753036843&Signature=cuh5SDa99HVyz0OifMLgY%2B8pinz4h0J%2BOLmvwfJ4u31tI9ihPi6DEnUi78W8%2FSHSBl2RJBvjO2IB9Le6jU7hZzZzIbSKdB9085Xxba%2FHfAmGNVEfTeDV2cmygaofvifUc1NEytFqQOyIkI6OOvDc0dsZvEvPmASpTP9vYVEWTWvPbCEdxXAeTUKig5v1QyqiFyh8gx3sQ%2BfPNw7gJEpyaqu%2BRZOf2e5k9TvepX7hKgs3KVcAYtzVU%2FcCgF96b7dU2VI8SUBJJIyapfIi%2FYYDqiJv1jpMPASi09gMaEZ88%2BzaE02fKuqP3glJ%2B%2FbuhotU2Qn%2Fi371INH9gHcxgibDRQ%3D%3D","environmentVariables":{"FIREBASE_CONFIG":"{\"projectId\":\"fitness-tracker-8d0ae\",\"storageBucket\":\"fitness-tracker-8d0ae.firebasestorage.app\"}","GCLOUD_PROJECT":"fitness-tracker-8d0ae","EVENTARC_CLOUD_EVENT_SOURCE":"projects/fitness-tracker-8d0ae/locations/us-central1/functions/calculateBMR"},"runtime":"nodejs18","buildId":"60440e19-9ba7-499a-8cf8-83634c5a2407","buildEnvironmentVariables":{"GOOGLE_NODE_RUN_SCRIPTS":""},"buildName":"projects/763348902456/locations/us-central1/builds/60440e19-9ba7-499a-8cf8-83634c5a2407","dockerRegistry":"ARTIFACT_REGISTRY","automaticUpdatePolicy":{},"buildServiceAccount":"projects/fitness-tracker-8d0ae/serviceAccounts/763348902456-compute@developer.gserviceaccount.com"},"versionId":"10","updateTime":"2025-07-20T18:10:44Z"}}
[debug] [2025-07-20T18:10:44.387Z] Checked if tokens are valid: true, expires at: 1753036121536
[debug] [2025-07-20T18:10:44.387Z] Checked if tokens are valid: true, expires at: 1753036121536
[debug] [2025-07-20T18:10:44.388Z] >>> [apiv2][query] GET https://cloudfunctions.googleapis.com/v1/operations/Zml0bmVzcy10cmFja2VyLThkMGFlL3VzLWNlbnRyYWwxL2NhbGN1bGF0ZUJNUi9pR0ZmVEt2a2Zmbw [none]
[debug] [2025-07-20T18:10:44.657Z] <<< [apiv2][status] GET https://cloudfunctions.googleapis.com/v1/operations/Zml0bmVzcy10cmFja2VyLThkMGFlL3VzLWNlbnRyYWwxL2NhbGN1bGF0ZUJNUi9pR0ZmVEt2a2Zmbw 200
[debug] [2025-07-20T18:10:44.658Z] <<< [apiv2][body] GET https://cloudfunctions.googleapis.com/v1/operations/Zml0bmVzcy10cmFja2VyLThkMGFlL3VzLWNlbnRyYWwxL2NhbGN1bGF0ZUJNUi9pR0ZmVEt2a2Zmbw {"name":"operations/Zml0bmVzcy10cmFja2VyLThkMGFlL3VzLWNlbnRyYWwxL2NhbGN1bGF0ZUJNUi9pR0ZmVEt2a2Zmbw","metadata":{"@type":"type.googleapis.com/google.cloud.functions.v1.OperationMetadataV1","target":"projects/fitness-tracker-8d0ae/locations/us-central1/functions/calculateBMR","type":"UPDATE_FUNCTION","request":{"@type":"type.googleapis.com/google.cloud.functions.v1.CloudFunction","name":"projects/fitness-tracker-8d0ae/locations/us-central1/functions/calculateBMR","httpsTrigger":{"url":"https://us-central1-fitness-tracker-8d0ae.cloudfunctions.net/calculateBMR","securityLevel":"SECURE_ALWAYS"},"status":"ACTIVE","entryPoint":"calculateBMR","updateTime":"2025-07-20T17:36:08.985Z","versionId":"9","labels":{"deployment-tool":"cli-firebase","deployment-callable":"true","firebase-functions-hash":"3ac2bed6844c6559ba6dd6cddd5e216502a1006b"},"sourceUploadUrl":"https://storage.googleapis.com/uploads-175735338453.us-central1.cloudfunctions.appspot.com/9a8e1fb4-4dfa-4245-9297-2dca15c60344.zip?GoogleAccessId=service-763348902456@gcf-admin-robot.iam.gserviceaccount.com&Expires=1753036843&Signature=cuh5SDa99HVyz0OifMLgY%2B8pinz4h0J%2BOLmvwfJ4u31tI9ihPi6DEnUi78W8%2FSHSBl2RJBvjO2IB9Le6jU7hZzZzIbSKdB9085Xxba%2FHfAmGNVEfTeDV2cmygaofvifUc1NEytFqQOyIkI6OOvDc0dsZvEvPmASpTP9vYVEWTWvPbCEdxXAeTUKig5v1QyqiFyh8gx3sQ%2BfPNw7gJEpyaqu%2BRZOf2e5k9TvepX7hKgs3KVcAYtzVU%2FcCgF96b7dU2VI8SUBJJIyapfIi%2FYYDqiJv1jpMPASi09gMaEZ88%2BzaE02fKuqP3glJ%2B%2FbuhotU2Qn%2Fi371INH9gHcxgibDRQ%3D%3D","environmentVariables":{"FIREBASE_CONFIG":"{\"projectId\":\"fitness-tracker-8d0ae\",\"storageBucket\":\"fitness-tracker-8d0ae.firebasestorage.app\"}","GCLOUD_PROJECT":"fitness-tracker-8d0ae","EVENTARC_CLOUD_EVENT_SOURCE":"projects/fitness-tracker-8d0ae/locations/us-central1/functions/calculateBMR"},"runtime":"nodejs18","buildId":"60440e19-9ba7-499a-8cf8-83634c5a2407","buildEnvironmentVariables":{"GOOGLE_NODE_RUN_SCRIPTS":""},"buildName":"projects/763348902456/locations/us-central1/builds/60440e19-9ba7-499a-8cf8-83634c5a2407","dockerRegistry":"ARTIFACT_REGISTRY","automaticUpdatePolicy":{},"buildServiceAccount":"projects/fitness-tracker-8d0ae/serviceAccounts/763348902456-compute@developer.gserviceaccount.com"},"versionId":"10","updateTime":"2025-07-20T18:10:44Z"}}
[debug] [2025-07-20T18:10:45.160Z] [update-default-us-central1-calculateBMR] Retrying task index 0
[debug] [2025-07-20T18:10:45.161Z] Checked if tokens are valid: true, expires at: 1753036121536
[debug] [2025-07-20T18:10:45.161Z] Checked if tokens are valid: true, expires at: 1753036121536
[debug] [2025-07-20T18:10:45.162Z] >>> [apiv2][query] GET https://cloudfunctions.googleapis.com/v1/operations/Zml0bmVzcy10cmFja2VyLThkMGFlL3VzLWNlbnRyYWwxL2NhbGN1bGF0ZUJNUi9pR0ZmVEt2a2Zmbw [none]
[debug] [2025-07-20T18:10:45.406Z] <<< [apiv2][status] GET https://cloudfunctions.googleapis.com/v1/operations/Zml0bmVzcy10cmFja2VyLThkMGFlL3VzLWNlbnRyYWwxL2NhbGN1bGF0ZUJNUi9pR0ZmVEt2a2Zmbw 200
[debug] [2025-07-20T18:10:45.406Z] <<< [apiv2][body] GET https://cloudfunctions.googleapis.com/v1/operations/Zml0bmVzcy10cmFja2VyLThkMGFlL3VzLWNlbnRyYWwxL2NhbGN1bGF0ZUJNUi9pR0ZmVEt2a2Zmbw {"name":"operations/Zml0bmVzcy10cmFja2VyLThkMGFlL3VzLWNlbnRyYWwxL2NhbGN1bGF0ZUJNUi9pR0ZmVEt2a2Zmbw","metadata":{"@type":"type.googleapis.com/google.cloud.functions.v1.OperationMetadataV1","target":"projects/fitness-tracker-8d0ae/locations/us-central1/functions/calculateBMR","type":"UPDATE_FUNCTION","request":{"@type":"type.googleapis.com/google.cloud.functions.v1.CloudFunction","name":"projects/fitness-tracker-8d0ae/locations/us-central1/functions/calculateBMR","httpsTrigger":{"url":"https://us-central1-fitness-tracker-8d0ae.cloudfunctions.net/calculateBMR","securityLevel":"SECURE_ALWAYS"},"status":"ACTIVE","entryPoint":"calculateBMR","updateTime":"2025-07-20T17:36:08.985Z","versionId":"9","labels":{"deployment-tool":"cli-firebase","deployment-callable":"true","firebase-functions-hash":"3ac2bed6844c6559ba6dd6cddd5e216502a1006b"},"sourceUploadUrl":"https://storage.googleapis.com/uploads-175735338453.us-central1.cloudfunctions.appspot.com/9a8e1fb4-4dfa-4245-9297-2dca15c60344.zip?GoogleAccessId=service-763348902456@gcf-admin-robot.iam.gserviceaccount.com&Expires=1753036843&Signature=cuh5SDa99HVyz0OifMLgY%2B8pinz4h0J%2BOLmvwfJ4u31tI9ihPi6DEnUi78W8%2FSHSBl2RJBvjO2IB9Le6jU7hZzZzIbSKdB9085Xxba%2FHfAmGNVEfTeDV2cmygaofvifUc1NEytFqQOyIkI6OOvDc0dsZvEvPmASpTP9vYVEWTWvPbCEdxXAeTUKig5v1QyqiFyh8gx3sQ%2BfPNw7gJEpyaqu%2BRZOf2e5k9TvepX7hKgs3KVcAYtzVU%2FcCgF96b7dU2VI8SUBJJIyapfIi%2FYYDqiJv1jpMPASi09gMaEZ88%2BzaE02fKuqP3glJ%2B%2FbuhotU2Qn%2Fi371INH9gHcxgibDRQ%3D%3D","environmentVariables":{"FIREBASE_CONFIG":"{\"projectId\":\"fitness-tracker-8d0ae\",\"storageBucket\":\"fitness-tracker-8d0ae.firebasestorage.app\"}","GCLOUD_PROJECT":"fitness-tracker-8d0ae","EVENTARC_CLOUD_EVENT_SOURCE":"projects/fitness-tracker-8d0ae/locations/us-central1/functions/calculateBMR"},"runtime":"nodejs18","buildId":"60440e19-9ba7-499a-8cf8-83634c5a2407","buildEnvironmentVariables":{"GOOGLE_NODE_RUN_SCRIPTS":""},"buildName":"projects/763348902456/locations/us-central1/builds/60440e19-9ba7-499a-8cf8-83634c5a2407","dockerRegistry":"ARTIFACT_REGISTRY","automaticUpdatePolicy":{},"buildServiceAccount":"projects/fitness-tracker-8d0ae/serviceAccounts/763348902456-compute@developer.gserviceaccount.com"},"versionId":"10","updateTime":"2025-07-20T18:10:44Z"}}
[debug] [2025-07-20T18:10:46.407Z] [update-default-us-central1-calculateBMR] Retrying task index 0
[debug] [2025-07-20T18:10:46.408Z] Checked if tokens are valid: true, expires at: 1753036121536
[debug] [2025-07-20T18:10:46.408Z] Checked if tokens are valid: true, expires at: 1753036121536
[debug] [2025-07-20T18:10:46.408Z] >>> [apiv2][query] GET https://cloudfunctions.googleapis.com/v1/operations/Zml0bmVzcy10cmFja2VyLThkMGFlL3VzLWNlbnRyYWwxL2NhbGN1bGF0ZUJNUi9pR0ZmVEt2a2Zmbw [none]
[debug] [2025-07-20T18:10:46.687Z] <<< [apiv2][status] GET https://cloudfunctions.googleapis.com/v1/operations/Zml0bmVzcy10cmFja2VyLThkMGFlL3VzLWNlbnRyYWwxL2NhbGN1bGF0ZUJNUi9pR0ZmVEt2a2Zmbw 200
[debug] [2025-07-20T18:10:46.687Z] <<< [apiv2][body] GET https://cloudfunctions.googleapis.com/v1/operations/Zml0bmVzcy10cmFja2VyLThkMGFlL3VzLWNlbnRyYWwxL2NhbGN1bGF0ZUJNUi9pR0ZmVEt2a2Zmbw {"name":"operations/Zml0bmVzcy10cmFja2VyLThkMGFlL3VzLWNlbnRyYWwxL2NhbGN1bGF0ZUJNUi9pR0ZmVEt2a2Zmbw","metadata":{"@type":"type.googleapis.com/google.cloud.functions.v1.OperationMetadataV1","target":"projects/fitness-tracker-8d0ae/locations/us-central1/functions/calculateBMR","type":"UPDATE_FUNCTION","request":{"@type":"type.googleapis.com/google.cloud.functions.v1.CloudFunction","name":"projects/fitness-tracker-8d0ae/locations/us-central1/functions/calculateBMR","httpsTrigger":{"url":"https://us-central1-fitness-tracker-8d0ae.cloudfunctions.net/calculateBMR","securityLevel":"SECURE_ALWAYS"},"status":"ACTIVE","entryPoint":"calculateBMR","updateTime":"2025-07-20T17:36:08.985Z","versionId":"9","labels":{"deployment-tool":"cli-firebase","deployment-callable":"true","firebase-functions-hash":"3ac2bed6844c6559ba6dd6cddd5e216502a1006b"},"sourceUploadUrl":"https://storage.googleapis.com/uploads-175735338453.us-central1.cloudfunctions.appspot.com/9a8e1fb4-4dfa-4245-9297-2dca15c60344.zip?GoogleAccessId=service-763348902456@gcf-admin-robot.iam.gserviceaccount.com&Expires=1753036843&Signature=cuh5SDa99HVyz0OifMLgY%2B8pinz4h0J%2BOLmvwfJ4u31tI9ihPi6DEnUi78W8%2FSHSBl2RJBvjO2IB9Le6jU7hZzZzIbSKdB9085Xxba%2FHfAmGNVEfTeDV2cmygaofvifUc1NEytFqQOyIkI6OOvDc0dsZvEvPmASpTP9vYVEWTWvPbCEdxXAeTUKig5v1QyqiFyh8gx3sQ%2BfPNw7gJEpyaqu%2BRZOf2e5k9TvepX7hKgs3KVcAYtzVU%2FcCgF96b7dU2VI8SUBJJIyapfIi%2FYYDqiJv1jpMPASi09gMaEZ88%2BzaE02fKuqP3glJ%2B%2FbuhotU2Qn%2Fi371INH9gHcxgibDRQ%3D%3D","environmentVariables":{"FIREBASE_CONFIG":"{\"projectId\":\"fitness-tracker-8d0ae\",\"storageBucket\":\"fitness-tracker-8d0ae.firebasestorage.app\"}","GCLOUD_PROJECT":"fitness-tracker-8d0ae","EVENTARC_CLOUD_EVENT_SOURCE":"projects/fitness-tracker-8d0ae/locations/us-central1/functions/calculateBMR"},"runtime":"nodejs18","buildId":"60440e19-9ba7-499a-8cf8-83634c5a2407","buildEnvironmentVariables":{"GOOGLE_NODE_RUN_SCRIPTS":""},"buildName":"projects/763348902456/locations/us-central1/builds/60440e19-9ba7-499a-8cf8-83634c5a2407","dockerRegistry":"ARTIFACT_REGISTRY","automaticUpdatePolicy":{},"buildServiceAccount":"projects/fitness-tracker-8d0ae/serviceAccounts/763348902456-compute@developer.gserviceaccount.com"},"versionId":"10","updateTime":"2025-07-20T18:10:44Z","buildId":"d08a1f36-debb-47ed-a9da-e700ba9e4969","buildName":"projects/763348902456/locations/us-central1/builds/d08a1f36-debb-47ed-a9da-e700ba9e4969"}}
[debug] [2025-07-20T18:10:48.688Z] [update-default-us-central1-calculateBMR] Retrying task index 0
[debug] [2025-07-20T18:10:48.689Z] Checked if tokens are valid: true, expires at: 1753036121536
[debug] [2025-07-20T18:10:48.689Z] Checked if tokens are valid: true, expires at: 1753036121536
[debug] [2025-07-20T18:10:48.689Z] >>> [apiv2][query] GET https://cloudfunctions.googleapis.com/v1/operations/Zml0bmVzcy10cmFja2VyLThkMGFlL3VzLWNlbnRyYWwxL2NhbGN1bGF0ZUJNUi9pR0ZmVEt2a2Zmbw [none]
[debug] [2025-07-20T18:10:48.928Z] <<< [apiv2][status] GET https://cloudfunctions.googleapis.com/v1/operations/Zml0bmVzcy10cmFja2VyLThkMGFlL3VzLWNlbnRyYWwxL2NhbGN1bGF0ZUJNUi9pR0ZmVEt2a2Zmbw 200
[debug] [2025-07-20T18:10:48.928Z] <<< [apiv2][body] GET https://cloudfunctions.googleapis.com/v1/operations/Zml0bmVzcy10cmFja2VyLThkMGFlL3VzLWNlbnRyYWwxL2NhbGN1bGF0ZUJNUi9pR0ZmVEt2a2Zmbw {"name":"operations/Zml0bmVzcy10cmFja2VyLThkMGFlL3VzLWNlbnRyYWwxL2NhbGN1bGF0ZUJNUi9pR0ZmVEt2a2Zmbw","metadata":{"@type":"type.googleapis.com/google.cloud.functions.v1.OperationMetadataV1","target":"projects/fitness-tracker-8d0ae/locations/us-central1/functions/calculateBMR","type":"UPDATE_FUNCTION","request":{"@type":"type.googleapis.com/google.cloud.functions.v1.CloudFunction","name":"projects/fitness-tracker-8d0ae/locations/us-central1/functions/calculateBMR","httpsTrigger":{"url":"https://us-central1-fitness-tracker-8d0ae.cloudfunctions.net/calculateBMR","securityLevel":"SECURE_ALWAYS"},"status":"ACTIVE","entryPoint":"calculateBMR","updateTime":"2025-07-20T17:36:08.985Z","versionId":"9","labels":{"deployment-tool":"cli-firebase","deployment-callable":"true","firebase-functions-hash":"3ac2bed6844c6559ba6dd6cddd5e216502a1006b"},"sourceUploadUrl":"https://storage.googleapis.com/uploads-175735338453.us-central1.cloudfunctions.appspot.com/9a8e1fb4-4dfa-4245-9297-2dca15c60344.zip?GoogleAccessId=service-763348902456@gcf-admin-robot.iam.gserviceaccount.com&Expires=1753036843&Signature=cuh5SDa99HVyz0OifMLgY%2B8pinz4h0J%2BOLmvwfJ4u31tI9ihPi6DEnUi78W8%2FSHSBl2RJBvjO2IB9Le6jU7hZzZzIbSKdB9085Xxba%2FHfAmGNVEfTeDV2cmygaofvifUc1NEytFqQOyIkI6OOvDc0dsZvEvPmASpTP9vYVEWTWvPbCEdxXAeTUKig5v1QyqiFyh8gx3sQ%2BfPNw7gJEpyaqu%2BRZOf2e5k9TvepX7hKgs3KVcAYtzVU%2FcCgF96b7dU2VI8SUBJJIyapfIi%2FYYDqiJv1jpMPASi09gMaEZ88%2BzaE02fKuqP3glJ%2B%2FbuhotU2Qn%2Fi371INH9gHcxgibDRQ%3D%3D","environmentVariables":{"FIREBASE_CONFIG":"{\"projectId\":\"fitness-tracker-8d0ae\",\"storageBucket\":\"fitness-tracker-8d0ae.firebasestorage.app\"}","GCLOUD_PROJECT":"fitness-tracker-8d0ae","EVENTARC_CLOUD_EVENT_SOURCE":"projects/fitness-tracker-8d0ae/locations/us-central1/functions/calculateBMR"},"runtime":"nodejs18","buildId":"60440e19-9ba7-499a-8cf8-83634c5a2407","buildEnvironmentVariables":{"GOOGLE_NODE_RUN_SCRIPTS":""},"buildName":"projects/763348902456/locations/us-central1/builds/60440e19-9ba7-499a-8cf8-83634c5a2407","dockerRegistry":"ARTIFACT_REGISTRY","automaticUpdatePolicy":{},"buildServiceAccount":"projects/fitness-tracker-8d0ae/serviceAccounts/763348902456-compute@developer.gserviceaccount.com"},"versionId":"10","updateTime":"2025-07-20T18:10:44Z","buildId":"d08a1f36-debb-47ed-a9da-e700ba9e4969","buildName":"projects/763348902456/locations/us-central1/builds/d08a1f36-debb-47ed-a9da-e700ba9e4969"}}
[debug] [2025-07-20T18:10:52.930Z] [update-default-us-central1-calculateBMR] Retrying task index 0
[debug] [2025-07-20T18:10:52.930Z] Checked if tokens are valid: true, expires at: 1753036121536
[debug] [2025-07-20T18:10:52.930Z] Checked if tokens are valid: true, expires at: 1753036121536
[debug] [2025-07-20T18:10:52.930Z] >>> [apiv2][query] GET https://cloudfunctions.googleapis.com/v1/operations/Zml0bmVzcy10cmFja2VyLThkMGFlL3VzLWNlbnRyYWwxL2NhbGN1bGF0ZUJNUi9pR0ZmVEt2a2Zmbw [none]
[debug] [2025-07-20T18:10:53.146Z] <<< [apiv2][status] GET https://cloudfunctions.googleapis.com/v1/operations/Zml0bmVzcy10cmFja2VyLThkMGFlL3VzLWNlbnRyYWwxL2NhbGN1bGF0ZUJNUi9pR0ZmVEt2a2Zmbw 200
[debug] [2025-07-20T18:10:53.147Z] <<< [apiv2][body] GET https://cloudfunctions.googleapis.com/v1/operations/Zml0bmVzcy10cmFja2VyLThkMGFlL3VzLWNlbnRyYWwxL2NhbGN1bGF0ZUJNUi9pR0ZmVEt2a2Zmbw {"name":"operations/Zml0bmVzcy10cmFja2VyLThkMGFlL3VzLWNlbnRyYWwxL2NhbGN1bGF0ZUJNUi9pR0ZmVEt2a2Zmbw","metadata":{"@type":"type.googleapis.com/google.cloud.functions.v1.OperationMetadataV1","target":"projects/fitness-tracker-8d0ae/locations/us-central1/functions/calculateBMR","type":"UPDATE_FUNCTION","request":{"@type":"type.googleapis.com/google.cloud.functions.v1.CloudFunction","name":"projects/fitness-tracker-8d0ae/locations/us-central1/functions/calculateBMR","httpsTrigger":{"url":"https://us-central1-fitness-tracker-8d0ae.cloudfunctions.net/calculateBMR","securityLevel":"SECURE_ALWAYS"},"status":"ACTIVE","entryPoint":"calculateBMR","updateTime":"2025-07-20T17:36:08.985Z","versionId":"9","labels":{"deployment-tool":"cli-firebase","deployment-callable":"true","firebase-functions-hash":"3ac2bed6844c6559ba6dd6cddd5e216502a1006b"},"sourceUploadUrl":"https://storage.googleapis.com/uploads-175735338453.us-central1.cloudfunctions.appspot.com/9a8e1fb4-4dfa-4245-9297-2dca15c60344.zip?GoogleAccessId=service-763348902456@gcf-admin-robot.iam.gserviceaccount.com&Expires=1753036843&Signature=cuh5SDa99HVyz0OifMLgY%2B8pinz4h0J%2BOLmvwfJ4u31tI9ihPi6DEnUi78W8%2FSHSBl2RJBvjO2IB9Le6jU7hZzZzIbSKdB9085Xxba%2FHfAmGNVEfTeDV2cmygaofvifUc1NEytFqQOyIkI6OOvDc0dsZvEvPmASpTP9vYVEWTWvPbCEdxXAeTUKig5v1QyqiFyh8gx3sQ%2BfPNw7gJEpyaqu%2BRZOf2e5k9TvepX7hKgs3KVcAYtzVU%2FcCgF96b7dU2VI8SUBJJIyapfIi%2FYYDqiJv1jpMPASi09gMaEZ88%2BzaE02fKuqP3glJ%2B%2FbuhotU2Qn%2Fi371INH9gHcxgibDRQ%3D%3D","environmentVariables":{"FIREBASE_CONFIG":"{\"projectId\":\"fitness-tracker-8d0ae\",\"storageBucket\":\"fitness-tracker-8d0ae.firebasestorage.app\"}","GCLOUD_PROJECT":"fitness-tracker-8d0ae","EVENTARC_CLOUD_EVENT_SOURCE":"projects/fitness-tracker-8d0ae/locations/us-central1/functions/calculateBMR"},"runtime":"nodejs18","buildId":"60440e19-9ba7-499a-8cf8-83634c5a2407","buildEnvironmentVariables":{"GOOGLE_NODE_RUN_SCRIPTS":""},"buildName":"projects/763348902456/locations/us-central1/builds/60440e19-9ba7-499a-8cf8-83634c5a2407","dockerRegistry":"ARTIFACT_REGISTRY","automaticUpdatePolicy":{},"buildServiceAccount":"projects/fitness-tracker-8d0ae/serviceAccounts/763348902456-compute@developer.gserviceaccount.com"},"versionId":"10","updateTime":"2025-07-20T18:10:44Z","buildId":"d08a1f36-debb-47ed-a9da-e700ba9e4969","buildName":"projects/763348902456/locations/us-central1/builds/d08a1f36-debb-47ed-a9da-e700ba9e4969"}}
[debug] [2025-07-20T18:11:01.148Z] [update-default-us-central1-calculateBMR] Retrying task index 0
[debug] [2025-07-20T18:11:01.148Z] Checked if tokens are valid: true, expires at: 1753036121536
[debug] [2025-07-20T18:11:01.148Z] Checked if tokens are valid: true, expires at: 1753036121536
[debug] [2025-07-20T18:11:01.148Z] >>> [apiv2][query] GET https://cloudfunctions.googleapis.com/v1/operations/Zml0bmVzcy10cmFja2VyLThkMGFlL3VzLWNlbnRyYWwxL2NhbGN1bGF0ZUJNUi9pR0ZmVEt2a2Zmbw [none]
[debug] [2025-07-20T18:11:01.511Z] <<< [apiv2][status] GET https://cloudfunctions.googleapis.com/v1/operations/Zml0bmVzcy10cmFja2VyLThkMGFlL3VzLWNlbnRyYWwxL2NhbGN1bGF0ZUJNUi9pR0ZmVEt2a2Zmbw 200
[debug] [2025-07-20T18:11:01.511Z] <<< [apiv2][body] GET https://cloudfunctions.googleapis.com/v1/operations/Zml0bmVzcy10cmFja2VyLThkMGFlL3VzLWNlbnRyYWwxL2NhbGN1bGF0ZUJNUi9pR0ZmVEt2a2Zmbw {"name":"operations/Zml0bmVzcy10cmFja2VyLThkMGFlL3VzLWNlbnRyYWwxL2NhbGN1bGF0ZUJNUi9pR0ZmVEt2a2Zmbw","metadata":{"@type":"type.googleapis.com/google.cloud.functions.v1.OperationMetadataV1","target":"projects/fitness-tracker-8d0ae/locations/us-central1/functions/calculateBMR","type":"UPDATE_FUNCTION","request":{"@type":"type.googleapis.com/google.cloud.functions.v1.CloudFunction","name":"projects/fitness-tracker-8d0ae/locations/us-central1/functions/calculateBMR","httpsTrigger":{"url":"https://us-central1-fitness-tracker-8d0ae.cloudfunctions.net/calculateBMR","securityLevel":"SECURE_ALWAYS"},"status":"ACTIVE","entryPoint":"calculateBMR","updateTime":"2025-07-20T17:36:08.985Z","versionId":"9","labels":{"deployment-tool":"cli-firebase","deployment-callable":"true","firebase-functions-hash":"3ac2bed6844c6559ba6dd6cddd5e216502a1006b"},"sourceUploadUrl":"https://storage.googleapis.com/uploads-175735338453.us-central1.cloudfunctions.appspot.com/9a8e1fb4-4dfa-4245-9297-2dca15c60344.zip?GoogleAccessId=service-763348902456@gcf-admin-robot.iam.gserviceaccount.com&Expires=1753036843&Signature=cuh5SDa99HVyz0OifMLgY%2B8pinz4h0J%2BOLmvwfJ4u31tI9ihPi6DEnUi78W8%2FSHSBl2RJBvjO2IB9Le6jU7hZzZzIbSKdB9085Xxba%2FHfAmGNVEfTeDV2cmygaofvifUc1NEytFqQOyIkI6OOvDc0dsZvEvPmASpTP9vYVEWTWvPbCEdxXAeTUKig5v1QyqiFyh8gx3sQ%2BfPNw7gJEpyaqu%2BRZOf2e5k9TvepX7hKgs3KVcAYtzVU%2FcCgF96b7dU2VI8SUBJJIyapfIi%2FYYDqiJv1jpMPASi09gMaEZ88%2BzaE02fKuqP3glJ%2B%2FbuhotU2Qn%2Fi371INH9gHcxgibDRQ%3D%3D","environmentVariables":{"FIREBASE_CONFIG":"{\"projectId\":\"fitness-tracker-8d0ae\",\"storageBucket\":\"fitness-tracker-8d0ae.firebasestorage.app\"}","GCLOUD_PROJECT":"fitness-tracker-8d0ae","EVENTARC_CLOUD_EVENT_SOURCE":"projects/fitness-tracker-8d0ae/locations/us-central1/functions/calculateBMR"},"runtime":"nodejs18","buildId":"60440e19-9ba7-499a-8cf8-83634c5a2407","buildEnvironmentVariables":{"GOOGLE_NODE_RUN_SCRIPTS":""},"buildName":"projects/763348902456/locations/us-central1/builds/60440e19-9ba7-499a-8cf8-83634c5a2407","dockerRegistry":"ARTIFACT_REGISTRY","automaticUpdatePolicy":{},"buildServiceAccount":"projects/fitness-tracker-8d0ae/serviceAccounts/763348902456-compute@developer.gserviceaccount.com"},"versionId":"10","updateTime":"2025-07-20T18:10:44Z","buildId":"d08a1f36-debb-47ed-a9da-e700ba9e4969","buildName":"projects/763348902456/locations/us-central1/builds/d08a1f36-debb-47ed-a9da-e700ba9e4969"}}
[debug] [2025-07-20T18:11:11.512Z] [update-default-us-central1-calculateBMR] Retrying task index 0
[debug] [2025-07-20T18:11:11.512Z] Checked if tokens are valid: true, expires at: 1753036121536
[debug] [2025-07-20T18:11:11.513Z] Checked if tokens are valid: true, expires at: 1753036121536
[debug] [2025-07-20T18:11:11.513Z] >>> [apiv2][query] GET https://cloudfunctions.googleapis.com/v1/operations/Zml0bmVzcy10cmFja2VyLThkMGFlL3VzLWNlbnRyYWwxL2NhbGN1bGF0ZUJNUi9pR0ZmVEt2a2Zmbw [none]
[debug] [2025-07-20T18:11:11.880Z] <<< [apiv2][status] GET https://cloudfunctions.googleapis.com/v1/operations/Zml0bmVzcy10cmFja2VyLThkMGFlL3VzLWNlbnRyYWwxL2NhbGN1bGF0ZUJNUi9pR0ZmVEt2a2Zmbw 200
[debug] [2025-07-20T18:11:11.880Z] <<< [apiv2][body] GET https://cloudfunctions.googleapis.com/v1/operations/Zml0bmVzcy10cmFja2VyLThkMGFlL3VzLWNlbnRyYWwxL2NhbGN1bGF0ZUJNUi9pR0ZmVEt2a2Zmbw {"name":"operations/Zml0bmVzcy10cmFja2VyLThkMGFlL3VzLWNlbnRyYWwxL2NhbGN1bGF0ZUJNUi9pR0ZmVEt2a2Zmbw","metadata":{"@type":"type.googleapis.com/google.cloud.functions.v1.OperationMetadataV1","target":"projects/fitness-tracker-8d0ae/locations/us-central1/functions/calculateBMR","type":"UPDATE_FUNCTION","request":{"@type":"type.googleapis.com/google.cloud.functions.v1.CloudFunction","name":"projects/fitness-tracker-8d0ae/locations/us-central1/functions/calculateBMR","httpsTrigger":{"url":"https://us-central1-fitness-tracker-8d0ae.cloudfunctions.net/calculateBMR","securityLevel":"SECURE_ALWAYS"},"status":"ACTIVE","entryPoint":"calculateBMR","updateTime":"2025-07-20T17:36:08.985Z","versionId":"9","labels":{"deployment-tool":"cli-firebase","deployment-callable":"true","firebase-functions-hash":"3ac2bed6844c6559ba6dd6cddd5e216502a1006b"},"sourceUploadUrl":"https://storage.googleapis.com/uploads-175735338453.us-central1.cloudfunctions.appspot.com/9a8e1fb4-4dfa-4245-9297-2dca15c60344.zip?GoogleAccessId=service-763348902456@gcf-admin-robot.iam.gserviceaccount.com&Expires=1753036843&Signature=cuh5SDa99HVyz0OifMLgY%2B8pinz4h0J%2BOLmvwfJ4u31tI9ihPi6DEnUi78W8%2FSHSBl2RJBvjO2IB9Le6jU7hZzZzIbSKdB9085Xxba%2FHfAmGNVEfTeDV2cmygaofvifUc1NEytFqQOyIkI6OOvDc0dsZvEvPmASpTP9vYVEWTWvPbCEdxXAeTUKig5v1QyqiFyh8gx3sQ%2BfPNw7gJEpyaqu%2BRZOf2e5k9TvepX7hKgs3KVcAYtzVU%2FcCgF96b7dU2VI8SUBJJIyapfIi%2FYYDqiJv1jpMPASi09gMaEZ88%2BzaE02fKuqP3glJ%2B%2FbuhotU2Qn%2Fi371INH9gHcxgibDRQ%3D%3D","environmentVariables":{"FIREBASE_CONFIG":"{\"projectId\":\"fitness-tracker-8d0ae\",\"storageBucket\":\"fitness-tracker-8d0ae.firebasestorage.app\"}","GCLOUD_PROJECT":"fitness-tracker-8d0ae","EVENTARC_CLOUD_EVENT_SOURCE":"projects/fitness-tracker-8d0ae/locations/us-central1/functions/calculateBMR"},"runtime":"nodejs18","buildId":"60440e19-9ba7-499a-8cf8-83634c5a2407","buildEnvironmentVariables":{"GOOGLE_NODE_RUN_SCRIPTS":""},"buildName":"projects/763348902456/locations/us-central1/builds/60440e19-9ba7-499a-8cf8-83634c5a2407","dockerRegistry":"ARTIFACT_REGISTRY","automaticUpdatePolicy":{},"buildServiceAccount":"projects/fitness-tracker-8d0ae/serviceAccounts/763348902456-compute@developer.gserviceaccount.com"},"versionId":"10","updateTime":"2025-07-20T18:10:44Z","buildId":"d08a1f36-debb-47ed-a9da-e700ba9e4969","buildName":"projects/763348902456/locations/us-central1/builds/d08a1f36-debb-47ed-a9da-e700ba9e4969"}}
[debug] [2025-07-20T18:11:21.881Z] [update-default-us-central1-calculateBMR] Retrying task index 0
[debug] [2025-07-20T18:11:21.881Z] Checked if tokens are valid: true, expires at: 1753036121536
[debug] [2025-07-20T18:11:21.881Z] Checked if tokens are valid: true, expires at: 1753036121536
[debug] [2025-07-20T18:11:21.881Z] >>> [apiv2][query] GET https://cloudfunctions.googleapis.com/v1/operations/Zml0bmVzcy10cmFja2VyLThkMGFlL3VzLWNlbnRyYWwxL2NhbGN1bGF0ZUJNUi9pR0ZmVEt2a2Zmbw [none]
[debug] [2025-07-20T18:11:22.255Z] <<< [apiv2][status] GET https://cloudfunctions.googleapis.com/v1/operations/Zml0bmVzcy10cmFja2VyLThkMGFlL3VzLWNlbnRyYWwxL2NhbGN1bGF0ZUJNUi9pR0ZmVEt2a2Zmbw 200
[debug] [2025-07-20T18:11:22.255Z] <<< [apiv2][body] GET https://cloudfunctions.googleapis.com/v1/operations/Zml0bmVzcy10cmFja2VyLThkMGFlL3VzLWNlbnRyYWwxL2NhbGN1bGF0ZUJNUi9pR0ZmVEt2a2Zmbw {"name":"operations/Zml0bmVzcy10cmFja2VyLThkMGFlL3VzLWNlbnRyYWwxL2NhbGN1bGF0ZUJNUi9pR0ZmVEt2a2Zmbw","metadata":{"@type":"type.googleapis.com/google.cloud.functions.v1.OperationMetadataV1","target":"projects/fitness-tracker-8d0ae/locations/us-central1/functions/calculateBMR","type":"UPDATE_FUNCTION","request":{"@type":"type.googleapis.com/google.cloud.functions.v1.CloudFunction","name":"projects/fitness-tracker-8d0ae/locations/us-central1/functions/calculateBMR","httpsTrigger":{"url":"https://us-central1-fitness-tracker-8d0ae.cloudfunctions.net/calculateBMR","securityLevel":"SECURE_ALWAYS"},"status":"ACTIVE","entryPoint":"calculateBMR","updateTime":"2025-07-20T17:36:08.985Z","versionId":"9","labels":{"deployment-tool":"cli-firebase","deployment-callable":"true","firebase-functions-hash":"3ac2bed6844c6559ba6dd6cddd5e216502a1006b"},"sourceUploadUrl":"https://storage.googleapis.com/uploads-175735338453.us-central1.cloudfunctions.appspot.com/9a8e1fb4-4dfa-4245-9297-2dca15c60344.zip?GoogleAccessId=service-763348902456@gcf-admin-robot.iam.gserviceaccount.com&Expires=1753036843&Signature=cuh5SDa99HVyz0OifMLgY%2B8pinz4h0J%2BOLmvwfJ4u31tI9ihPi6DEnUi78W8%2FSHSBl2RJBvjO2IB9Le6jU7hZzZzIbSKdB9085Xxba%2FHfAmGNVEfTeDV2cmygaofvifUc1NEytFqQOyIkI6OOvDc0dsZvEvPmASpTP9vYVEWTWvPbCEdxXAeTUKig5v1QyqiFyh8gx3sQ%2BfPNw7gJEpyaqu%2BRZOf2e5k9TvepX7hKgs3KVcAYtzVU%2FcCgF96b7dU2VI8SUBJJIyapfIi%2FYYDqiJv1jpMPASi09gMaEZ88%2BzaE02fKuqP3glJ%2B%2FbuhotU2Qn%2Fi371INH9gHcxgibDRQ%3D%3D","environmentVariables":{"FIREBASE_CONFIG":"{\"projectId\":\"fitness-tracker-8d0ae\",\"storageBucket\":\"fitness-tracker-8d0ae.firebasestorage.app\"}","GCLOUD_PROJECT":"fitness-tracker-8d0ae","EVENTARC_CLOUD_EVENT_SOURCE":"projects/fitness-tracker-8d0ae/locations/us-central1/functions/calculateBMR"},"runtime":"nodejs18","buildId":"60440e19-9ba7-499a-8cf8-83634c5a2407","buildEnvironmentVariables":{"GOOGLE_NODE_RUN_SCRIPTS":""},"buildName":"projects/763348902456/locations/us-central1/builds/60440e19-9ba7-499a-8cf8-83634c5a2407","dockerRegistry":"ARTIFACT_REGISTRY","automaticUpdatePolicy":{},"buildServiceAccount":"projects/fitness-tracker-8d0ae/serviceAccounts/763348902456-compute@developer.gserviceaccount.com"},"versionId":"10","updateTime":"2025-07-20T18:10:44Z","buildId":"d08a1f36-debb-47ed-a9da-e700ba9e4969","sourceToken":"41300acd-30e5-4e97-ae25-af8284ff8e89","buildName":"projects/763348902456/locations/us-central1/builds/d08a1f36-debb-47ed-a9da-e700ba9e4969"}}
[debug] [2025-07-20T18:11:22.256Z] Got source token 41300acd-30e5-4e97-ae25-af8284ff8e89 for region us-central1
[debug] [2025-07-20T18:11:32.256Z] [update-default-us-central1-calculateBMR] Retrying task index 0
[debug] [2025-07-20T18:11:32.257Z] Checked if tokens are valid: true, expires at: 1753036121536
[debug] [2025-07-20T18:11:32.257Z] Checked if tokens are valid: true, expires at: 1753036121536
[debug] [2025-07-20T18:11:32.257Z] >>> [apiv2][query] GET https://cloudfunctions.googleapis.com/v1/operations/Zml0bmVzcy10cmFja2VyLThkMGFlL3VzLWNlbnRyYWwxL2NhbGN1bGF0ZUJNUi9pR0ZmVEt2a2Zmbw [none]
[debug] [2025-07-20T18:11:32.634Z] <<< [apiv2][status] GET https://cloudfunctions.googleapis.com/v1/operations/Zml0bmVzcy10cmFja2VyLThkMGFlL3VzLWNlbnRyYWwxL2NhbGN1bGF0ZUJNUi9pR0ZmVEt2a2Zmbw 200
[debug] [2025-07-20T18:11:32.635Z] <<< [apiv2][body] GET https://cloudfunctions.googleapis.com/v1/operations/Zml0bmVzcy10cmFja2VyLThkMGFlL3VzLWNlbnRyYWwxL2NhbGN1bGF0ZUJNUi9pR0ZmVEt2a2Zmbw {"name":"operations/Zml0bmVzcy10cmFja2VyLThkMGFlL3VzLWNlbnRyYWwxL2NhbGN1bGF0ZUJNUi9pR0ZmVEt2a2Zmbw","metadata":{"@type":"type.googleapis.com/google.cloud.functions.v1.OperationMetadataV1","target":"projects/fitness-tracker-8d0ae/locations/us-central1/functions/calculateBMR","type":"UPDATE_FUNCTION","request":{"@type":"type.googleapis.com/google.cloud.functions.v1.CloudFunction","name":"projects/fitness-tracker-8d0ae/locations/us-central1/functions/calculateBMR","httpsTrigger":{"url":"https://us-central1-fitness-tracker-8d0ae.cloudfunctions.net/calculateBMR","securityLevel":"SECURE_ALWAYS"},"status":"ACTIVE","entryPoint":"calculateBMR","updateTime":"2025-07-20T17:36:08.985Z","versionId":"9","labels":{"deployment-tool":"cli-firebase","deployment-callable":"true","firebase-functions-hash":"3ac2bed6844c6559ba6dd6cddd5e216502a1006b"},"sourceUploadUrl":"https://storage.googleapis.com/uploads-175735338453.us-central1.cloudfunctions.appspot.com/9a8e1fb4-4dfa-4245-9297-2dca15c60344.zip?GoogleAccessId=service-763348902456@gcf-admin-robot.iam.gserviceaccount.com&Expires=1753036843&Signature=cuh5SDa99HVyz0OifMLgY%2B8pinz4h0J%2BOLmvwfJ4u31tI9ihPi6DEnUi78W8%2FSHSBl2RJBvjO2IB9Le6jU7hZzZzIbSKdB9085Xxba%2FHfAmGNVEfTeDV2cmygaofvifUc1NEytFqQOyIkI6OOvDc0dsZvEvPmASpTP9vYVEWTWvPbCEdxXAeTUKig5v1QyqiFyh8gx3sQ%2BfPNw7gJEpyaqu%2BRZOf2e5k9TvepX7hKgs3KVcAYtzVU%2FcCgF96b7dU2VI8SUBJJIyapfIi%2FYYDqiJv1jpMPASi09gMaEZ88%2BzaE02fKuqP3glJ%2B%2FbuhotU2Qn%2Fi371INH9gHcxgibDRQ%3D%3D","environmentVariables":{"FIREBASE_CONFIG":"{\"projectId\":\"fitness-tracker-8d0ae\",\"storageBucket\":\"fitness-tracker-8d0ae.firebasestorage.app\"}","GCLOUD_PROJECT":"fitness-tracker-8d0ae","EVENTARC_CLOUD_EVENT_SOURCE":"projects/fitness-tracker-8d0ae/locations/us-central1/functions/calculateBMR"},"runtime":"nodejs18","buildId":"60440e19-9ba7-499a-8cf8-83634c5a2407","buildEnvironmentVariables":{"GOOGLE_NODE_RUN_SCRIPTS":""},"buildName":"projects/763348902456/locations/us-central1/builds/60440e19-9ba7-499a-8cf8-83634c5a2407","dockerRegistry":"ARTIFACT_REGISTRY","automaticUpdatePolicy":{},"buildServiceAccount":"projects/fitness-tracker-8d0ae/serviceAccounts/763348902456-compute@developer.gserviceaccount.com"},"versionId":"10","updateTime":"2025-07-20T18:10:44Z","buildId":"d08a1f36-debb-47ed-a9da-e700ba9e4969","sourceToken":"41300acd-30e5-4e97-ae25-af8284ff8e89","buildName":"projects/763348902456/locations/us-central1/builds/d08a1f36-debb-47ed-a9da-e700ba9e4969"}}
[debug] [2025-07-20T18:11:32.635Z] Got source token 41300acd-30e5-4e97-ae25-af8284ff8e89 for region us-central1
[debug] [2025-07-20T18:11:42.636Z] [update-default-us-central1-calculateBMR] Retrying task index 0
[debug] [2025-07-20T18:11:42.636Z] Checked if tokens are valid: true, expires at: 1753036121536
[debug] [2025-07-20T18:11:42.636Z] Checked if tokens are valid: true, expires at: 1753036121536
[debug] [2025-07-20T18:11:42.637Z] >>> [apiv2][query] GET https://cloudfunctions.googleapis.com/v1/operations/Zml0bmVzcy10cmFja2VyLThkMGFlL3VzLWNlbnRyYWwxL2NhbGN1bGF0ZUJNUi9pR0ZmVEt2a2Zmbw [none]
[debug] [2025-07-20T18:11:43.014Z] <<< [apiv2][status] GET https://cloudfunctions.googleapis.com/v1/operations/Zml0bmVzcy10cmFja2VyLThkMGFlL3VzLWNlbnRyYWwxL2NhbGN1bGF0ZUJNUi9pR0ZmVEt2a2Zmbw 200
[debug] [2025-07-20T18:11:43.015Z] <<< [apiv2][body] GET https://cloudfunctions.googleapis.com/v1/operations/Zml0bmVzcy10cmFja2VyLThkMGFlL3VzLWNlbnRyYWwxL2NhbGN1bGF0ZUJNUi9pR0ZmVEt2a2Zmbw {"name":"operations/Zml0bmVzcy10cmFja2VyLThkMGFlL3VzLWNlbnRyYWwxL2NhbGN1bGF0ZUJNUi9pR0ZmVEt2a2Zmbw","metadata":{"@type":"type.googleapis.com/google.cloud.functions.v1.OperationMetadataV1","target":"projects/fitness-tracker-8d0ae/locations/us-central1/functions/calculateBMR","type":"UPDATE_FUNCTION","request":{"@type":"type.googleapis.com/google.cloud.functions.v1.CloudFunction","name":"projects/fitness-tracker-8d0ae/locations/us-central1/functions/calculateBMR","httpsTrigger":{"url":"https://us-central1-fitness-tracker-8d0ae.cloudfunctions.net/calculateBMR","securityLevel":"SECURE_ALWAYS"},"status":"ACTIVE","entryPoint":"calculateBMR","updateTime":"2025-07-20T17:36:08.985Z","versionId":"9","labels":{"deployment-tool":"cli-firebase","deployment-callable":"true","firebase-functions-hash":"3ac2bed6844c6559ba6dd6cddd5e216502a1006b"},"sourceUploadUrl":"https://storage.googleapis.com/uploads-175735338453.us-central1.cloudfunctions.appspot.com/9a8e1fb4-4dfa-4245-9297-2dca15c60344.zip?GoogleAccessId=service-763348902456@gcf-admin-robot.iam.gserviceaccount.com&Expires=1753036843&Signature=cuh5SDa99HVyz0OifMLgY%2B8pinz4h0J%2BOLmvwfJ4u31tI9ihPi6DEnUi78W8%2FSHSBl2RJBvjO2IB9Le6jU7hZzZzIbSKdB9085Xxba%2FHfAmGNVEfTeDV2cmygaofvifUc1NEytFqQOyIkI6OOvDc0dsZvEvPmASpTP9vYVEWTWvPbCEdxXAeTUKig5v1QyqiFyh8gx3sQ%2BfPNw7gJEpyaqu%2BRZOf2e5k9TvepX7hKgs3KVcAYtzVU%2FcCgF96b7dU2VI8SUBJJIyapfIi%2FYYDqiJv1jpMPASi09gMaEZ88%2BzaE02fKuqP3glJ%2B%2FbuhotU2Qn%2Fi371INH9gHcxgibDRQ%3D%3D","environmentVariables":{"FIREBASE_CONFIG":"{\"projectId\":\"fitness-tracker-8d0ae\",\"storageBucket\":\"fitness-tracker-8d0ae.firebasestorage.app\"}","GCLOUD_PROJECT":"fitness-tracker-8d0ae","EVENTARC_CLOUD_EVENT_SOURCE":"projects/fitness-tracker-8d0ae/locations/us-central1/functions/calculateBMR"},"runtime":"nodejs18","buildId":"60440e19-9ba7-499a-8cf8-83634c5a2407","buildEnvironmentVariables":{"GOOGLE_NODE_RUN_SCRIPTS":""},"buildName":"projects/763348902456/locations/us-central1/builds/60440e19-9ba7-499a-8cf8-83634c5a2407","dockerRegistry":"ARTIFACT_REGISTRY","automaticUpdatePolicy":{},"buildServiceAccount":"projects/fitness-tracker-8d0ae/serviceAccounts/763348902456-compute@developer.gserviceaccount.com"},"versionId":"10","updateTime":"2025-07-20T18:10:44Z","buildId":"d08a1f36-debb-47ed-a9da-e700ba9e4969","sourceToken":"41300acd-30e5-4e97-ae25-af8284ff8e89","buildName":"projects/763348902456/locations/us-central1/builds/d08a1f36-debb-47ed-a9da-e700ba9e4969"}}
[debug] [2025-07-20T18:11:43.015Z] Got source token 41300acd-30e5-4e97-ae25-af8284ff8e89 for region us-central1
[debug] [2025-07-20T18:11:53.016Z] [update-default-us-central1-calculateBMR] Retrying task index 0
[debug] [2025-07-20T18:11:53.017Z] Checked if tokens are valid: true, expires at: 1753036121536
[debug] [2025-07-20T18:11:53.017Z] Checked if tokens are valid: true, expires at: 1753036121536
[debug] [2025-07-20T18:11:53.017Z] >>> [apiv2][query] GET https://cloudfunctions.googleapis.com/v1/operations/Zml0bmVzcy10cmFja2VyLThkMGFlL3VzLWNlbnRyYWwxL2NhbGN1bGF0ZUJNUi9pR0ZmVEt2a2Zmbw [none]
[debug] [2025-07-20T18:11:53.440Z] <<< [apiv2][status] GET https://cloudfunctions.googleapis.com/v1/operations/Zml0bmVzcy10cmFja2VyLThkMGFlL3VzLWNlbnRyYWwxL2NhbGN1bGF0ZUJNUi9pR0ZmVEt2a2Zmbw 200
[debug] [2025-07-20T18:11:53.440Z] <<< [apiv2][body] GET https://cloudfunctions.googleapis.com/v1/operations/Zml0bmVzcy10cmFja2VyLThkMGFlL3VzLWNlbnRyYWwxL2NhbGN1bGF0ZUJNUi9pR0ZmVEt2a2Zmbw {"name":"operations/Zml0bmVzcy10cmFja2VyLThkMGFlL3VzLWNlbnRyYWwxL2NhbGN1bGF0ZUJNUi9pR0ZmVEt2a2Zmbw","metadata":{"@type":"type.googleapis.com/google.cloud.functions.v1.OperationMetadataV1","target":"projects/fitness-tracker-8d0ae/locations/us-central1/functions/calculateBMR","type":"UPDATE_FUNCTION","request":{"@type":"type.googleapis.com/google.cloud.functions.v1.CloudFunction","name":"projects/fitness-tracker-8d0ae/locations/us-central1/functions/calculateBMR","httpsTrigger":{"url":"https://us-central1-fitness-tracker-8d0ae.cloudfunctions.net/calculateBMR","securityLevel":"SECURE_ALWAYS"},"status":"ACTIVE","entryPoint":"calculateBMR","updateTime":"2025-07-20T17:36:08.985Z","versionId":"9","labels":{"deployment-tool":"cli-firebase","deployment-callable":"true","firebase-functions-hash":"3ac2bed6844c6559ba6dd6cddd5e216502a1006b"},"sourceUploadUrl":"https://storage.googleapis.com/uploads-175735338453.us-central1.cloudfunctions.appspot.com/9a8e1fb4-4dfa-4245-9297-2dca15c60344.zip?GoogleAccessId=service-763348902456@gcf-admin-robot.iam.gserviceaccount.com&Expires=1753036843&Signature=cuh5SDa99HVyz0OifMLgY%2B8pinz4h0J%2BOLmvwfJ4u31tI9ihPi6DEnUi78W8%2FSHSBl2RJBvjO2IB9Le6jU7hZzZzIbSKdB9085Xxba%2FHfAmGNVEfTeDV2cmygaofvifUc1NEytFqQOyIkI6OOvDc0dsZvEvPmASpTP9vYVEWTWvPbCEdxXAeTUKig5v1QyqiFyh8gx3sQ%2BfPNw7gJEpyaqu%2BRZOf2e5k9TvepX7hKgs3KVcAYtzVU%2FcCgF96b7dU2VI8SUBJJIyapfIi%2FYYDqiJv1jpMPASi09gMaEZ88%2BzaE02fKuqP3glJ%2B%2FbuhotU2Qn%2Fi371INH9gHcxgibDRQ%3D%3D","environmentVariables":{"FIREBASE_CONFIG":"{\"projectId\":\"fitness-tracker-8d0ae\",\"storageBucket\":\"fitness-tracker-8d0ae.firebasestorage.app\"}","GCLOUD_PROJECT":"fitness-tracker-8d0ae","EVENTARC_CLOUD_EVENT_SOURCE":"projects/fitness-tracker-8d0ae/locations/us-central1/functions/calculateBMR"},"runtime":"nodejs18","buildId":"60440e19-9ba7-499a-8cf8-83634c5a2407","buildEnvironmentVariables":{"GOOGLE_NODE_RUN_SCRIPTS":""},"buildName":"projects/763348902456/locations/us-central1/builds/60440e19-9ba7-499a-8cf8-83634c5a2407","dockerRegistry":"ARTIFACT_REGISTRY","automaticUpdatePolicy":{},"buildServiceAccount":"projects/fitness-tracker-8d0ae/serviceAccounts/763348902456-compute@developer.gserviceaccount.com"},"versionId":"10","updateTime":"2025-07-20T18:10:44Z","buildId":"d08a1f36-debb-47ed-a9da-e700ba9e4969","sourceToken":"41300acd-30e5-4e97-ae25-af8284ff8e89","buildName":"projects/763348902456/locations/us-central1/builds/d08a1f36-debb-47ed-a9da-e700ba9e4969"}}
[debug] [2025-07-20T18:11:53.441Z] Got source token 41300acd-30e5-4e97-ae25-af8284ff8e89 for region us-central1
[debug] [2025-07-20T18:12:03.441Z] [update-default-us-central1-calculateBMR] Retrying task index 0
[debug] [2025-07-20T18:12:03.442Z] Checked if tokens are valid: true, expires at: 1753036121536
[debug] [2025-07-20T18:12:03.442Z] Checked if tokens are valid: true, expires at: 1753036121536
[debug] [2025-07-20T18:12:03.442Z] >>> [apiv2][query] GET https://cloudfunctions.googleapis.com/v1/operations/Zml0bmVzcy10cmFja2VyLThkMGFlL3VzLWNlbnRyYWwxL2NhbGN1bGF0ZUJNUi9pR0ZmVEt2a2Zmbw [none]
[debug] [2025-07-20T18:12:03.826Z] <<< [apiv2][status] GET https://cloudfunctions.googleapis.com/v1/operations/Zml0bmVzcy10cmFja2VyLThkMGFlL3VzLWNlbnRyYWwxL2NhbGN1bGF0ZUJNUi9pR0ZmVEt2a2Zmbw 200
[debug] [2025-07-20T18:12:03.826Z] <<< [apiv2][body] GET https://cloudfunctions.googleapis.com/v1/operations/Zml0bmVzcy10cmFja2VyLThkMGFlL3VzLWNlbnRyYWwxL2NhbGN1bGF0ZUJNUi9pR0ZmVEt2a2Zmbw {"name":"operations/Zml0bmVzcy10cmFja2VyLThkMGFlL3VzLWNlbnRyYWwxL2NhbGN1bGF0ZUJNUi9pR0ZmVEt2a2Zmbw","metadata":{"@type":"type.googleapis.com/google.cloud.functions.v1.OperationMetadataV1","target":"projects/fitness-tracker-8d0ae/locations/us-central1/functions/calculateBMR","type":"UPDATE_FUNCTION","request":{"@type":"type.googleapis.com/google.cloud.functions.v1.CloudFunction","name":"projects/fitness-tracker-8d0ae/locations/us-central1/functions/calculateBMR","httpsTrigger":{"url":"https://us-central1-fitness-tracker-8d0ae.cloudfunctions.net/calculateBMR","securityLevel":"SECURE_ALWAYS"},"status":"ACTIVE","entryPoint":"calculateBMR","updateTime":"2025-07-20T17:36:08.985Z","versionId":"9","labels":{"deployment-tool":"cli-firebase","deployment-callable":"true","firebase-functions-hash":"3ac2bed6844c6559ba6dd6cddd5e216502a1006b"},"sourceUploadUrl":"https://storage.googleapis.com/uploads-175735338453.us-central1.cloudfunctions.appspot.com/9a8e1fb4-4dfa-4245-9297-2dca15c60344.zip?GoogleAccessId=service-763348902456@gcf-admin-robot.iam.gserviceaccount.com&Expires=1753036843&Signature=cuh5SDa99HVyz0OifMLgY%2B8pinz4h0J%2BOLmvwfJ4u31tI9ihPi6DEnUi78W8%2FSHSBl2RJBvjO2IB9Le6jU7hZzZzIbSKdB9085Xxba%2FHfAmGNVEfTeDV2cmygaofvifUc1NEytFqQOyIkI6OOvDc0dsZvEvPmASpTP9vYVEWTWvPbCEdxXAeTUKig5v1QyqiFyh8gx3sQ%2BfPNw7gJEpyaqu%2BRZOf2e5k9TvepX7hKgs3KVcAYtzVU%2FcCgF96b7dU2VI8SUBJJIyapfIi%2FYYDqiJv1jpMPASi09gMaEZ88%2BzaE02fKuqP3glJ%2B%2FbuhotU2Qn%2Fi371INH9gHcxgibDRQ%3D%3D","environmentVariables":{"FIREBASE_CONFIG":"{\"projectId\":\"fitness-tracker-8d0ae\",\"storageBucket\":\"fitness-tracker-8d0ae.firebasestorage.app\"}","GCLOUD_PROJECT":"fitness-tracker-8d0ae","EVENTARC_CLOUD_EVENT_SOURCE":"projects/fitness-tracker-8d0ae/locations/us-central1/functions/calculateBMR"},"runtime":"nodejs18","buildId":"60440e19-9ba7-499a-8cf8-83634c5a2407","buildEnvironmentVariables":{"GOOGLE_NODE_RUN_SCRIPTS":""},"buildName":"projects/763348902456/locations/us-central1/builds/60440e19-9ba7-499a-8cf8-83634c5a2407","dockerRegistry":"ARTIFACT_REGISTRY","automaticUpdatePolicy":{},"buildServiceAccount":"projects/fitness-tracker-8d0ae/serviceAccounts/763348902456-compute@developer.gserviceaccount.com"},"versionId":"10","updateTime":"2025-07-20T18:10:44Z","buildId":"d08a1f36-debb-47ed-a9da-e700ba9e4969","sourceToken":"41300acd-30e5-4e97-ae25-af8284ff8e89","buildName":"projects/763348902456/locations/us-central1/builds/d08a1f36-debb-47ed-a9da-e700ba9e4969"}}
[debug] [2025-07-20T18:12:03.826Z] Got source token 41300acd-30e5-4e97-ae25-af8284ff8e89 for region us-central1
[debug] [2025-07-20T18:12:13.828Z] [update-default-us-central1-calculateBMR] Retrying task index 0
[debug] [2025-07-20T18:12:13.828Z] Checked if tokens are valid: true, expires at: 1753036121536
[debug] [2025-07-20T18:12:13.829Z] Checked if tokens are valid: true, expires at: 1753036121536
[debug] [2025-07-20T18:12:13.829Z] >>> [apiv2][query] GET https://cloudfunctions.googleapis.com/v1/operations/Zml0bmVzcy10cmFja2VyLThkMGFlL3VzLWNlbnRyYWwxL2NhbGN1bGF0ZUJNUi9pR0ZmVEt2a2Zmbw [none]
[debug] [2025-07-20T18:12:14.223Z] <<< [apiv2][status] GET https://cloudfunctions.googleapis.com/v1/operations/Zml0bmVzcy10cmFja2VyLThkMGFlL3VzLWNlbnRyYWwxL2NhbGN1bGF0ZUJNUi9pR0ZmVEt2a2Zmbw 200
[debug] [2025-07-20T18:12:14.224Z] <<< [apiv2][body] GET https://cloudfunctions.googleapis.com/v1/operations/Zml0bmVzcy10cmFja2VyLThkMGFlL3VzLWNlbnRyYWwxL2NhbGN1bGF0ZUJNUi9pR0ZmVEt2a2Zmbw {"name":"operations/Zml0bmVzcy10cmFja2VyLThkMGFlL3VzLWNlbnRyYWwxL2NhbGN1bGF0ZUJNUi9pR0ZmVEt2a2Zmbw","metadata":{"@type":"type.googleapis.com/google.cloud.functions.v1.OperationMetadataV1","target":"projects/fitness-tracker-8d0ae/locations/us-central1/functions/calculateBMR","type":"UPDATE_FUNCTION","request":{"@type":"type.googleapis.com/google.cloud.functions.v1.CloudFunction","name":"projects/fitness-tracker-8d0ae/locations/us-central1/functions/calculateBMR","httpsTrigger":{"url":"https://us-central1-fitness-tracker-8d0ae.cloudfunctions.net/calculateBMR","securityLevel":"SECURE_ALWAYS"},"status":"ACTIVE","entryPoint":"calculateBMR","updateTime":"2025-07-20T17:36:08.985Z","versionId":"9","labels":{"deployment-tool":"cli-firebase","deployment-callable":"true","firebase-functions-hash":"3ac2bed6844c6559ba6dd6cddd5e216502a1006b"},"sourceUploadUrl":"https://storage.googleapis.com/uploads-175735338453.us-central1.cloudfunctions.appspot.com/9a8e1fb4-4dfa-4245-9297-2dca15c60344.zip?GoogleAccessId=service-763348902456@gcf-admin-robot.iam.gserviceaccount.com&Expires=1753036843&Signature=cuh5SDa99HVyz0OifMLgY%2B8pinz4h0J%2BOLmvwfJ4u31tI9ihPi6DEnUi78W8%2FSHSBl2RJBvjO2IB9Le6jU7hZzZzIbSKdB9085Xxba%2FHfAmGNVEfTeDV2cmygaofvifUc1NEytFqQOyIkI6OOvDc0dsZvEvPmASpTP9vYVEWTWvPbCEdxXAeTUKig5v1QyqiFyh8gx3sQ%2BfPNw7gJEpyaqu%2BRZOf2e5k9TvepX7hKgs3KVcAYtzVU%2FcCgF96b7dU2VI8SUBJJIyapfIi%2FYYDqiJv1jpMPASi09gMaEZ88%2BzaE02fKuqP3glJ%2B%2FbuhotU2Qn%2Fi371INH9gHcxgibDRQ%3D%3D","environmentVariables":{"FIREBASE_CONFIG":"{\"projectId\":\"fitness-tracker-8d0ae\",\"storageBucket\":\"fitness-tracker-8d0ae.firebasestorage.app\"}","GCLOUD_PROJECT":"fitness-tracker-8d0ae","EVENTARC_CLOUD_EVENT_SOURCE":"projects/fitness-tracker-8d0ae/locations/us-central1/functions/calculateBMR"},"runtime":"nodejs18","buildId":"60440e19-9ba7-499a-8cf8-83634c5a2407","buildEnvironmentVariables":{"GOOGLE_NODE_RUN_SCRIPTS":""},"buildName":"projects/763348902456/locations/us-central1/builds/60440e19-9ba7-499a-8cf8-83634c5a2407","dockerRegistry":"ARTIFACT_REGISTRY","automaticUpdatePolicy":{},"buildServiceAccount":"projects/fitness-tracker-8d0ae/serviceAccounts/763348902456-compute@developer.gserviceaccount.com"},"versionId":"10","updateTime":"2025-07-20T18:10:44Z","buildId":"d08a1f36-debb-47ed-a9da-e700ba9e4969","sourceToken":"41300acd-30e5-4e97-ae25-af8284ff8e89","buildName":"projects/763348902456/locations/us-central1/builds/d08a1f36-debb-47ed-a9da-e700ba9e4969"}}
[debug] [2025-07-20T18:12:14.224Z] Got source token 41300acd-30e5-4e97-ae25-af8284ff8e89 for region us-central1
[debug] [2025-07-20T18:12:24.224Z] [update-default-us-central1-calculateBMR] Retrying task index 0
[debug] [2025-07-20T18:12:24.225Z] Checked if tokens are valid: true, expires at: 1753036121536
[debug] [2025-07-20T18:12:24.225Z] Checked if tokens are valid: true, expires at: 1753036121536
[debug] [2025-07-20T18:12:24.226Z] >>> [apiv2][query] GET https://cloudfunctions.googleapis.com/v1/operations/Zml0bmVzcy10cmFja2VyLThkMGFlL3VzLWNlbnRyYWwxL2NhbGN1bGF0ZUJNUi9pR0ZmVEt2a2Zmbw [none]
[debug] [2025-07-20T18:12:24.589Z] <<< [apiv2][status] GET https://cloudfunctions.googleapis.com/v1/operations/Zml0bmVzcy10cmFja2VyLThkMGFlL3VzLWNlbnRyYWwxL2NhbGN1bGF0ZUJNUi9pR0ZmVEt2a2Zmbw 200
[debug] [2025-07-20T18:12:24.589Z] <<< [apiv2][body] GET https://cloudfunctions.googleapis.com/v1/operations/Zml0bmVzcy10cmFja2VyLThkMGFlL3VzLWNlbnRyYWwxL2NhbGN1bGF0ZUJNUi9pR0ZmVEt2a2Zmbw {"name":"operations/Zml0bmVzcy10cmFja2VyLThkMGFlL3VzLWNlbnRyYWwxL2NhbGN1bGF0ZUJNUi9pR0ZmVEt2a2Zmbw","metadata":{"@type":"type.googleapis.com/google.cloud.functions.v1.OperationMetadataV1","target":"projects/fitness-tracker-8d0ae/locations/us-central1/functions/calculateBMR","type":"UPDATE_FUNCTION","request":{"@type":"type.googleapis.com/google.cloud.functions.v1.CloudFunction","name":"projects/fitness-tracker-8d0ae/locations/us-central1/functions/calculateBMR","httpsTrigger":{"url":"https://us-central1-fitness-tracker-8d0ae.cloudfunctions.net/calculateBMR","securityLevel":"SECURE_ALWAYS"},"status":"ACTIVE","entryPoint":"calculateBMR","updateTime":"2025-07-20T17:36:08.985Z","versionId":"9","labels":{"deployment-tool":"cli-firebase","deployment-callable":"true","firebase-functions-hash":"3ac2bed6844c6559ba6dd6cddd5e216502a1006b"},"sourceUploadUrl":"https://storage.googleapis.com/uploads-175735338453.us-central1.cloudfunctions.appspot.com/9a8e1fb4-4dfa-4245-9297-2dca15c60344.zip?GoogleAccessId=service-763348902456@gcf-admin-robot.iam.gserviceaccount.com&Expires=1753036843&Signature=cuh5SDa99HVyz0OifMLgY%2B8pinz4h0J%2BOLmvwfJ4u31tI9ihPi6DEnUi78W8%2FSHSBl2RJBvjO2IB9Le6jU7hZzZzIbSKdB9085Xxba%2FHfAmGNVEfTeDV2cmygaofvifUc1NEytFqQOyIkI6OOvDc0dsZvEvPmASpTP9vYVEWTWvPbCEdxXAeTUKig5v1QyqiFyh8gx3sQ%2BfPNw7gJEpyaqu%2BRZOf2e5k9TvepX7hKgs3KVcAYtzVU%2FcCgF96b7dU2VI8SUBJJIyapfIi%2FYYDqiJv1jpMPASi09gMaEZ88%2BzaE02fKuqP3glJ%2B%2FbuhotU2Qn%2Fi371INH9gHcxgibDRQ%3D%3D","environmentVariables":{"FIREBASE_CONFIG":"{\"projectId\":\"fitness-tracker-8d0ae\",\"storageBucket\":\"fitness-tracker-8d0ae.firebasestorage.app\"}","GCLOUD_PROJECT":"fitness-tracker-8d0ae","EVENTARC_CLOUD_EVENT_SOURCE":"projects/fitness-tracker-8d0ae/locations/us-central1/functions/calculateBMR"},"runtime":"nodejs18","buildId":"60440e19-9ba7-499a-8cf8-83634c5a2407","buildEnvironmentVariables":{"GOOGLE_NODE_RUN_SCRIPTS":""},"buildName":"projects/763348902456/locations/us-central1/builds/60440e19-9ba7-499a-8cf8-83634c5a2407","dockerRegistry":"ARTIFACT_REGISTRY","automaticUpdatePolicy":{},"buildServiceAccount":"projects/fitness-tracker-8d0ae/serviceAccounts/763348902456-compute@developer.gserviceaccount.com"},"versionId":"10","updateTime":"2025-07-20T18:10:44Z","buildId":"d08a1f36-debb-47ed-a9da-e700ba9e4969","sourceToken":"41300acd-30e5-4e97-ae25-af8284ff8e89","buildName":"projects/763348902456/locations/us-central1/builds/d08a1f36-debb-47ed-a9da-e700ba9e4969"}}
[debug] [2025-07-20T18:12:24.589Z] Got source token 41300acd-30e5-4e97-ae25-af8284ff8e89 for region us-central1
